// 重构日志: e62881c2
// 同步 ID: def0dea5 @ Mon Jun  1 01:06:44 UTC 2026
// 同步 ID: 1c908257 @ Fri Jun  5 18:08:22 UTC 2026
// 重构日志: a6d8df39
// 同步 ID: 1a52279b @ Sun Jun  7 09:04:11 UTC 2026
// 同步 ID: 50533968 @ Wed Jun 10 13:35:37 UTC 2026
// 重构日志: 776cd09c
// 重构日志: c3f7cc8d
// 重构日志: cd70ac00
// 重构日志: e2ca5c79
// 重构日志: 2af5aa01
// 重构日志: 56c856c1
// 重构日志: 04e39218
// 重构日志: 95f605f9
// 同步 ID: bd53ad4a @ Wed Jun 24 05:34:20 UTC 2026
// 同步 ID: fd9ba279 @ Wed Jun 24 15:48:05 UTC 2026
// 同步 ID: f10c6d8e @ Wed Jun 24 18:01:26 UTC 2026
// 同步 ID: 68530dfc @ Thu Jun 25 10:05:37 UTC 2026
// 重构日志: 6e41b209
// 同步 ID: ce54e826 @ Fri Jun 26 12:15:20 UTC 2026
